Using pre-set license
Built from '2022.3/staging' branch; Version is '2022.3.24f1 (334eb2a0b267) revision 3362482'; Using compiler version '192829333'; Build Type 'Release'
OS: 'Windows 11  (10.0.22631) 64bit Core' Language: 'en' Physical Memory: 65207 MB
BatchMode: 1, IsHumanControllingUs: 0, StartBugReporterOnCrash: 0, Is64bit: 1, IsPro: 1

COMMAND LINE ARGUMENTS:
C:\Program Files\Unity\Hub\Editor\2022.3.24f1\Editor\Unity.exe
-adb2
-batchMode
-noUpm
-name
AssetImportWorker2
-projectPath
C:/Users/armaa/OneDrive/Desktop/Projects/Shady_Shell/Shady_Shell
-logFile
Logs/AssetImportWorker2.log
-srvPort
58945
Successfully changed project path to: C:/Users/armaa/OneDrive/Desktop/Projects/Shady_Shell/Shady_Shell
C:/Users/armaa/OneDrive/Desktop/Projects/Shady_Shell/Shady_Shell
[UnityMemory] Configuration Parameters - Can be set up in boot.config
    "memorysetup-bucket-allocator-granularity=16"
    "memorysetup-bucket-allocator-bucket-count=8"
    "memorysetup-bucket-allocator-block-size=33554432"
    "memorysetup-bucket-allocator-block-count=8"
    "memorysetup-main-allocator-block-size=16777216"
    "memorysetup-thread-allocator-block-size=16777216"
    "memorysetup-gfx-main-allocator-block-size=16777216"
    "memorysetup-gfx-thread-allocator-block-size=16777216"
    "memorysetup-cache-allocator-block-size=4194304"
    "memorysetup-typetree-allocator-block-size=2097152"
    "memorysetup-profiler-bucket-allocator-granularity=16"
    "memorysetup-profiler-bucket-allocator-bucket-count=8"
    "memorysetup-profiler-bucket-allocator-block-size=33554432"
    "memorysetup-profiler-bucket-allocator-block-count=8"
    "memorysetup-profiler-allocator-block-size=16777216"
    "memorysetup-profiler-editor-allocator-block-size=1048576"
    "memorysetup-temp-allocator-size-main=16777216"
    "memorysetup-job-temp-allocator-block-size=2097152"
    "memorysetup-job-temp-allocator-block-size-background=1048576"
    "memorysetup-job-temp-allocator-reduction-small-platforms=262144"
    "memorysetup-allocator-temp-initial-block-size-main=262144"
    "memorysetup-allocator-temp-initial-block-size-worker=262144"
    "memorysetup-temp-allocator-size-background-worker=32768"
    "memorysetup-temp-allocator-size-job-worker=262144"
    "memorysetup-temp-allocator-size-preload-manager=33554432"
    "memorysetup-temp-allocator-size-nav-mesh-worker=65536"
    "memorysetup-temp-allocator-size-audio-worker=65536"
    "memorysetup-temp-allocator-size-cloud-worker=32768"
    "memorysetup-temp-allocator-size-gi-baking-worker=262144"
    "memorysetup-temp-allocator-size-gfx=262144"
Player connection [4924] Host "[IP] 10.2.39.15 [Port] 0 [Flags] 2 [Guid] 3428947480 [EditorId] 3428947480 [Version] 1048832 [Id] WindowsEditor(7,Hirani) [Debug] 1 [PackageName] WindowsEditor [ProjectName] Editor" joined multi-casting on [225.0.0.222:54997]...

Player connection [4924] Host "[IP] 10.2.39.15 [Port] 0 [Flags] 2 [Guid] 3428947480 [EditorId] 3428947480 [Version] 1048832 [Id] WindowsEditor(7,Hirani) [Debug] 1 [PackageName] WindowsEditor [ProjectName] Editor" joined alternative multi-casting on [225.0.0.222:34997]...

[Physics::Module] Initialized MultithreadedJobDispatcher with 19 workers.
Refreshing native plugins compatible for Editor in 8.04 ms, found 3 plugins.
Preloading 0 native plugins for Editor in 0.00 ms.
Initialize engine version: 2022.3.24f1 (334eb2a0b267)
[Subsystems] Discovering subsystems at path C:/Program Files/Unity/Hub/Editor/2022.3.24f1/Editor/Data/Resources/UnitySubsystems
[Subsystems] Discovering subsystems at path C:/Users/armaa/OneDrive/Desktop/Projects/Shady_Shell/Shady_Shell/Assets
GfxDevice: creating device client; threaded=0; jobified=0
Direct3D:
    Version:  Direct3D 11.0 [level 11.1]
    Renderer: NVIDIA GeForce RTX 4070 Laptop GPU (ID=0x2820)
    Vendor:   NVIDIA
    VRAM:     7951 MB
    Driver:   32.0.15.6636
Initialize mono
Mono path[0] = 'C:/Program Files/Unity/Hub/Editor/2022.3.24f1/Editor/Data/Managed'
Mono path[1] = 'C:/Program Files/Unity/Hub/Editor/2022.3.24f1/Editor/Data/MonoBleedingEdge/lib/mono/unityjit-win32'
Mono config path = 'C:/Program Files/Unity/Hub/Editor/2022.3.24f1/Editor/Data/MonoBleedingEdge/etc'
Using monoOptions --debugger-agent=transport=dt_socket,embedding=1,server=y,suspend=n,address=127.0.0.1:56832
Begin MonoManager ReloadAssembly
Registering precompiled unity dll's ...
Register platform support module: C:/Program Files/Unity/Hub/Editor/2022.3.24f1/Editor/Data/PlaybackEngines/WebGLSupport/UnityEditor.WebGL.Extensions.dll
Register platform support module: C:/Program Files/Unity/Hub/Editor/2022.3.24f1/Editor/Data/PlaybackEngines/WindowsStandaloneSupport/UnityEditor.WindowsStandalone.Extensions.dll
Registered in 0.007755 seconds.
- Loaded All Assemblies, in  0.397 seconds
Native extension for WindowsStandalone target not found
Native extension for WebGL target not found
Mono: successfully reloaded assembly
- Finished resetting the current domain, in  0.317 seconds
Domain Reload Profiling: 712ms
	BeginReloadAssembly (118ms)
		ExecutionOrderSort (0ms)
		DisableScriptedObjects (0ms)
		BackupInstance (0ms)
		ReleaseScriptingObjects (0ms)
		CreateAndSetChildDomain (1ms)
	RebuildCommonClasses (46ms)
	RebuildNativeTypeToScriptingClass (11ms)
	initialDomainReloadingComplete (64ms)
	LoadAllAssembliesAndSetupDomain (156ms)
		LoadAssemblies (117ms)
		RebuildTransferFunctionScriptingTraits (0ms)
		AnalyzeDomain (152ms)
			TypeCache.Refresh (151ms)
				TypeCache.ScanAssembly (135ms)
			ScanForSourceGeneratedMonoScriptInfo (0ms)
			ResolveRequiredComponents (1ms)
	FinalizeReload (318ms)
		ReleaseScriptCaches (0ms)
		RebuildScriptCaches (0ms)
		SetupLoadedEditorAssemblies (248ms)
			LogAssemblyErrors (0ms)
			InitializePlatformSupportModulesInManaged (12ms)
			SetLoadedEditorAssemblies (7ms)
			RefreshPlugins (0ms)
			BeforeProcessingInitializeOnLoad (2ms)
			ProcessInitializeOnLoadAttributes (180ms)
			ProcessInitializeOnLoadMethodAttributes (47ms)
			AfterProcessingInitializeOnLoad (0ms)
			EditorAssembliesLoaded (0ms)
		ExecutionOrderSort2 (0ms)
		AwakeInstancesAfterBackupRestoration (0ms)
========================================================================
Worker process is ready to serve import requests
Begin MonoManager ReloadAssembly
- Loaded All Assemblies, in  0.710 seconds
Refreshing native plugins compatible for Editor in 2.50 ms, found 3 plugins.
Native extension for WindowsStandalone target not found
Native extension for WebGL target not found
Mono: successfully reloaded assembly
- Finished resetting the current domain, in  0.980 seconds
Domain Reload Profiling: 1688ms
	BeginReloadAssembly (176ms)
		ExecutionOrderSort (0ms)
		DisableScriptedObjects (6ms)
		BackupInstance (0ms)
		ReleaseScriptingObjects (0ms)
		CreateAndSetChildDomain (24ms)
	RebuildCommonClasses (45ms)
	RebuildNativeTypeToScriptingClass (12ms)
	initialDomainReloadingComplete (44ms)
	LoadAllAssembliesAndSetupDomain (431ms)
		LoadAssemblies (328ms)
		RebuildTransferFunctionScriptingTraits (0ms)
		AnalyzeDomain (200ms)
			TypeCache.Refresh (176ms)
				TypeCache.ScanAssembly (161ms)
			ScanForSourceGeneratedMonoScriptInfo (18ms)
			ResolveRequiredComponents (5ms)
	FinalizeReload (981ms)
		ReleaseScriptCaches (0ms)
		RebuildScriptCaches (0ms)
		SetupLoadedEditorAssemblies (805ms)
			LogAssemblyErrors (0ms)
			InitializePlatformSupportModulesInManaged (9ms)
			SetLoadedEditorAssemblies (7ms)
			RefreshPlugins (0ms)
			BeforeProcessingInitializeOnLoad (66ms)
			ProcessInitializeOnLoadAttributes (689ms)
			ProcessInitializeOnLoadMethodAttributes (29ms)
			AfterProcessingInitializeOnLoad (6ms)
			EditorAssembliesLoaded (0ms)
		ExecutionOrderSort2 (0ms)
		AwakeInstancesAfterBackupRestoration (8ms)
Launched and connected shader compiler UnityShaderCompiler.exe after 0.08 seconds
Refreshing native plugins compatible for Editor in 5.64 ms, found 3 plugins.
Preloading 0 native plugins for Editor in 0.00 ms.
Unloading 3103 Unused Serialized files (Serialized files now loaded: 0)
Unloading 33 unused Assets / (57.1 KB). Loaded Objects now: 3585.
Memory consumption went from 132.2 MB to 132.1 MB.
Total: 4.519900 ms (FindLiveObjects: 0.239800 ms CreateObjectMapping: 0.135100 ms MarkObjects: 4.003600 ms  DeleteObjects: 0.139800 ms)

AssetImportParameters requested are different than current active one (requested -> active):
  custom:container-demuxer-ogg: 62fdf1f143b41e24485cea50d1cbac27 -> 
  custom:video-codec-MediaFoundation-h265: 746d11721c4dcdbdad8f713fa42b33f4 -> 
  custom:video-decoder-ogg-theora: a1e56fd34408186e4bbccfd4996cb3dc -> 
  custom:framework-win-MediaFoundation: 216162199b28c13a410421893ffa2e32 -> 
  custom:CustomObjectIndexerAttribute: 9a22284fe3817be447336de3de66b15e -> 
  custom:container-demuxer-webm: 4f35f7cbe854078d1ac9338744f61a02 -> 
  custom:container-muxer-webm: aa71ff27fc2769a1b78a27578f13a17b -> 
  custom:video-decoder-webm-vp8: 9c59270c3fd7afecdb556c50c9e8de78 -> 
  custom:SearchIndexIgnoredProperties: e643bd26f0fe6173181afceb89e7c659 -> 
  custom:AudioImporter_EditorPlatform: d09bf68614088b80899f8185d706f6e7 -> 
  custom:video-encoder-webm-vp8: eb34c28f22e8b96e1ab97ce403110664 -> 
  custom:audio-decoder-ogg-vorbis: bf7c407c2cedff20999df2af8eb42d56 -> 
  custom:audio-encoder-webm-vorbis: bf7c407c2cedff20999df2af8eb42d56 -> 
========================================================================
Received Import Request.
  Time since last request: 21441.615568 seconds.
  path: Assets/Materials/GasStation/Assets/Props/Textures/Wall_1_1_Window2_Albedo.tga
  artifactKey: Guid(6442f34399cdb3f41bb6f580f64b4f44) Importer(2089858483,0ecaa5967403d082aa24f35e1b516d23)
Start importing Assets/Materials/GasStation/Assets/Props/Textures/Wall_1_1_Window2_Albedo.tga using Guid(6442f34399cdb3f41bb6f580f64b4f44) Importer(2089858483,0ecaa5967403d082aa24f35e1b516d23)  -> (artifact id: '70fe71e0e7ad9e87c7df0f9ba74026a1') in 0.221271 seconds
Number of updated asset objects reloaded before import = 0
Number of asset objects unloaded after import = 1
========================================================================
Received Import Request.
  Time since last request: 0.000036 seconds.
  path: Assets/Materials/GasStation/Assets/Props/Prefabs/Products/Bottle_5.prefab
  artifactKey: Guid(f68acf5d2b0d5da42ab85940cae9fdf8) Importer(2089858483,0ecaa5967403d082aa24f35e1b516d23)
Start importing Assets/Materials/GasStation/Assets/Props/Prefabs/Products/Bottle_5.prefab using Guid(f68acf5d2b0d5da42ab85940cae9fdf8) Importer(2089858483,0ecaa5967403d082aa24f35e1b516d23)  -> (artifact id: '6c621307b9289d826bff5dd7e8d7a831') in 0.057623 seconds
Number of updated asset objects reloaded before import = 0
Number of asset objects unloaded after import = 7
========================================================================
Received Import Request.
  Time since last request: 0.000017 seconds.
  path: Assets/Materials/GasStation/Assets/Props/Prefabs/Products/Package_2.prefab
  artifactKey: Guid(b1770eba6997a9f408571445e827b820) Importer(2089858483,0ecaa5967403d082aa24f35e1b516d23)
Start importing Assets/Materials/GasStation/Assets/Props/Prefabs/Products/Package_2.prefab using Guid(b1770eba6997a9f408571445e827b820) Importer(2089858483,0ecaa5967403d082aa24f35e1b516d23)  -> (artifact id: 'ac28ea6f39e861c14fa2e9cb612c6d2a') in 0.024137 seconds
Number of updated asset objects reloaded before import = 0
Number of asset objects unloaded after import = 7
========================================================================
Received Import Request.
  Time since last request: 0.000018 seconds.
  path: Assets/Materials/GasStation/Assets/Props/Prefabs/Products/Bottle_2.prefab
  artifactKey: Guid(792fb6a88ca29d84eadb4969ddd691b6) Importer(2089858483,0ecaa5967403d082aa24f35e1b516d23)
Start importing Assets/Materials/GasStation/Assets/Props/Prefabs/Products/Bottle_2.prefab using Guid(792fb6a88ca29d84eadb4969ddd691b6) Importer(2089858483,0ecaa5967403d082aa24f35e1b516d23)  -> (artifact id: 'c3289d60b6627ee364aac5362dedfeeb') in 0.021976 seconds
Number of updated asset objects reloaded before import = 0
Number of asset objects unloaded after import = 7
========================================================================
Received Import Request.
  Time since last request: 0.000017 seconds.
  path: Assets/Materials/GasStation/Assets/Props/Prefabs/Market Props/Fridge_1.prefab
  artifactKey: Guid(379f4f588b9585c41a64d56aa1229f37) Importer(2089858483,0ecaa5967403d082aa24f35e1b516d23)
Start importing Assets/Materials/GasStation/Assets/Props/Prefabs/Market Props/Fridge_1.prefab using Guid(379f4f588b9585c41a64d56aa1229f37) Importer(2089858483,0ecaa5967403d082aa24f35e1b516d23)  -> (artifact id: '8b9bc9e6410db77d10e3dcabce123487') in 0.033030 seconds
Number of updated asset objects reloaded before import = 0
Number of asset objects unloaded after import = 8
========================================================================
Received Import Request.
  Time since last request: 0.000016 seconds.
  path: Assets/Materials/GasStation/Assets/Props/Textures/MarkeProps_1_Normal.tga
  artifactKey: Guid(ed870970fe3091447b005c0fd9c6c30f) Importer(2089858483,0ecaa5967403d082aa24f35e1b516d23)
Start importing Assets/Materials/GasStation/Assets/Props/Textures/MarkeProps_1_Normal.tga using Guid(ed870970fe3091447b005c0fd9c6c30f) Importer(2089858483,0ecaa5967403d082aa24f35e1b516d23)  -> (artifact id: '8a39a5874fbda765ea3e2461cb27723b') in 0.030415 seconds
Number of updated asset objects reloaded before import = 0
Number of asset objects unloaded after import = 1
========================================================================
Received Import Request.
  Time since last request: 0.000035 seconds.
  path: Assets/Materials/ADG_Textures/ground_vol1/ground14/ground14_Diffuse.tga
  artifactKey: Guid(b0701a45fb6c40346a84f5fd65653318) Importer(2089858483,0ecaa5967403d082aa24f35e1b516d23)
Start importing Assets/Materials/ADG_Textures/ground_vol1/ground14/ground14_Diffuse.tga using Guid(b0701a45fb6c40346a84f5fd65653318) Importer(2089858483,0ecaa5967403d082aa24f35e1b516d23)  -> (artifact id: '486d979a7621c7aeb8da6d7b1f2b0f66') in 0.038574 seconds
Number of updated asset objects reloaded before import = 0
Number of asset objects unloaded after import = 1
========================================================================
Received Import Request.
  Time since last request: 0.000085 seconds.
  path: Assets/Materials/GasStation/Scene/GasStation/LightingData.asset
  artifactKey: Guid(0580f10f5ba3751408a089a2b622c7eb) Importer(2089858483,0ecaa5967403d082aa24f35e1b516d23)
Start importing Assets/Materials/GasStation/Scene/GasStation/LightingData.asset using Guid(0580f10f5ba3751408a089a2b622c7eb) Importer(2089858483,0ecaa5967403d082aa24f35e1b516d23)  -> (artifact id: '5e80eea0fc186d7c5b82c62c61e6f709') in 0.028013 seconds
Number of updated asset objects reloaded before import = 0
Number of asset objects unloaded after import = 2
========================================================================
Received Import Request.
  Time since last request: 0.000018 seconds.
  path: Assets/Materials/GasStation/Assets/Construction/Models/GasStationConstruction.fbx
  artifactKey: Guid(6c6b982b36a05664e92e005cbfca0e44) Importer(2089858483,0ecaa5967403d082aa24f35e1b516d23)
Start importing Assets/Materials/GasStation/Assets/Construction/Models/GasStationConstruction.fbx using Guid(6c6b982b36a05664e92e005cbfca0e44) Importer(2089858483,0ecaa5967403d082aa24f35e1b516d23)  -> (artifact id: 'aeadc1242397844444394cb0628fb5b3') in 0.096688 seconds
Number of updated asset objects reloaded before import = 0
Number of asset objects unloaded after import = 41
========================================================================
Received Import Request.
  Time since last request: 0.000017 seconds.
  path: Assets/Materials/GasStation/Assets/Nature/Prefabs/Grass_1.prefab
  artifactKey: Guid(03e59018a131d27499057bab60358e47) Importer(2089858483,0ecaa5967403d082aa24f35e1b516d23)
Start importing Assets/Materials/GasStation/Assets/Nature/Prefabs/Grass_1.prefab using Guid(03e59018a131d27499057bab60358e47) Importer(2089858483,0ecaa5967403d082aa24f35e1b516d23)  -> (artifact id: '22d707a1a84382a6cd292f5e005e28e4') in 0.029306 seconds
Number of updated asset objects reloaded before import = 0
Number of asset objects unloaded after import = 7
========================================================================
Received Import Request.
  Time since last request: 0.000020 seconds.
  path: Assets/Materials/GasStation/Assets/Props/Prefabs/Road/Road_1_Construction.fbx
  artifactKey: Guid(7c65f606fd343fc4a87184e0100c2d2a) Importer(2089858483,0ecaa5967403d082aa24f35e1b516d23)
Start importing Assets/Materials/GasStation/Assets/Props/Prefabs/Road/Road_1_Construction.fbx using Guid(7c65f606fd343fc4a87184e0100c2d2a) Importer(2089858483,0ecaa5967403d082aa24f35e1b516d23)  -> (artifact id: '23b02bdeb00bb3ed14d493fc42f9edfd') in 0.048318 seconds
Number of updated asset objects reloaded before import = 0
Number of asset objects unloaded after import = 21
========================================================================
Received Import Request.
  Time since last request: 0.000020 seconds.
  path: Assets/Materials/GasStation/Assets/Props/Prefabs/Road/Road_1_1.prefab
  artifactKey: Guid(35bd4c7d72875f149aba9e255e7e3c40) Importer(2089858483,0ecaa5967403d082aa24f35e1b516d23)
Start importing Assets/Materials/GasStation/Assets/Props/Prefabs/Road/Road_1_1.prefab using Guid(35bd4c7d72875f149aba9e255e7e3c40) Importer(2089858483,0ecaa5967403d082aa24f35e1b516d23)  -> (artifact id: '52753bb4ff881a7798b5b8b79076b389') in 0.030016 seconds
Number of updated asset objects reloaded before import = 0
Number of asset objects unloaded after import = 8
========================================================================
Received Import Request.
  Time since last request: 0.000029 seconds.
  path: Assets/Materials/GasStation/Assets/Props/Prefabs/Road/Fence_1_2.prefab
  artifactKey: Guid(c7ce85232ffa48a42bb85a3d638ce7c5) Importer(2089858483,0ecaa5967403d082aa24f35e1b516d23)
Start importing Assets/Materials/GasStation/Assets/Props/Prefabs/Road/Fence_1_2.prefab using Guid(c7ce85232ffa48a42bb85a3d638ce7c5) Importer(2089858483,0ecaa5967403d082aa24f35e1b516d23)  -> (artifact id: '79c6a4d8407217404bcd1acd5ddbf6a5') in 0.038221 seconds
Number of updated asset objects reloaded before import = 0
Number of asset objects unloaded after import = 8
========================================================================
Received Import Request.
  Time since last request: 0.000035 seconds.
  path: Assets/Materials/GasStation/Assets/Props/Textures/Computer_AO.tga
  artifactKey: Guid(8162182d9a9fd4a4db03344a033a5905) Importer(2089858483,0ecaa5967403d082aa24f35e1b516d23)
Start importing Assets/Materials/GasStation/Assets/Props/Textures/Computer_AO.tga using Guid(8162182d9a9fd4a4db03344a033a5905) Importer(2089858483,0ecaa5967403d082aa24f35e1b516d23)  -> (artifact id: '2a0aee1986d22a90901fcc9f3d8a959b') in 0.027057 seconds
Number of updated asset objects reloaded before import = 0
Number of asset objects unloaded after import = 1
========================================================================
Received Import Request.
  Time since last request: 0.000032 seconds.
  path: Assets/Materials/GasStation/Assets/Props/Textures/OutDetail_1_Albedo.tga
  artifactKey: Guid(9a7c4751ebcd38d4ba478646339c2cf7) Importer(2089858483,0ecaa5967403d082aa24f35e1b516d23)
Start importing Assets/Materials/GasStation/Assets/Props/Textures/OutDetail_1_Albedo.tga using Guid(9a7c4751ebcd38d4ba478646339c2cf7) Importer(2089858483,0ecaa5967403d082aa24f35e1b516d23)  -> (artifact id: '0dc8357142700b281a1848e828621ac2') in 0.025926 seconds
Number of updated asset objects reloaded before import = 0
Number of asset objects unloaded after import = 1
========================================================================
Received Import Request.
  Time since last request: 0.000015 seconds.
  path: Assets/Materials/GasStation/Assets/Props/Materials/GasCeiling_1_Emission.mat
  artifactKey: Guid(497e2160f53bfbd4cadccde436567610) Importer(2089858483,0ecaa5967403d082aa24f35e1b516d23)
Start importing Assets/Materials/GasStation/Assets/Props/Materials/GasCeiling_1_Emission.mat using Guid(497e2160f53bfbd4cadccde436567610) Importer(2089858483,0ecaa5967403d082aa24f35e1b516d23)  -> (artifact id: '640c7328c78ab60bb375f3ce2e7a7612') in 0.041537 seconds
Number of updated asset objects reloaded before import = 0
Number of asset objects unloaded after import = 6
========================================================================
Received Import Request.
  Time since last request: 0.000017 seconds.
  path: Assets/Materials/GasStation/Assets/Props/Models/Road_1.fbx
  artifactKey: Guid(e135d89aef9a7c148a695810a70f01f2) Importer(2089858483,0ecaa5967403d082aa24f35e1b516d23)
Start importing Assets/Materials/GasStation/Assets/Props/Models/Road_1.fbx using Guid(e135d89aef9a7c148a695810a70f01f2) Importer(2089858483,0ecaa5967403d082aa24f35e1b516d23)  -> (artifact id: '140dfcb88aee1272e2614e0a4f7e63e1') in 0.038674 seconds
Number of updated asset objects reloaded before import = 0
Number of asset objects unloaded after import = 41
========================================================================
Received Import Request.
  Time since last request: 0.000016 seconds.
  path: Assets/Materials/GasStation/Assets/Props/Textures/MarketFurniture_1_AO.tga
  artifactKey: Guid(3f2212d037e95a9449d46d70017853ef) Importer(2089858483,0ecaa5967403d082aa24f35e1b516d23)
Start importing Assets/Materials/GasStation/Assets/Props/Textures/MarketFurniture_1_AO.tga using Guid(3f2212d037e95a9449d46d70017853ef) Importer(2089858483,0ecaa5967403d082aa24f35e1b516d23)  -> (artifact id: '1ea9cf41d3d2b1c439276990a36cf559') in 0.027732 seconds
Number of updated asset objects reloaded before import = 0
Number of asset objects unloaded after import = 1
========================================================================
Received Import Request.
  Time since last request: 0.000041 seconds.
  path: Assets/Materials/ADG_Textures/ground_vol1/ground3/ground3_Height.tga
  artifactKey: Guid(05969a2c28cfe044cadd6d4b9d12eb3c) Importer(2089858483,0ecaa5967403d082aa24f35e1b516d23)
Start importing Assets/Materials/ADG_Textures/ground_vol1/ground3/ground3_Height.tga using Guid(05969a2c28cfe044cadd6d4b9d12eb3c) Importer(2089858483,0ecaa5967403d082aa24f35e1b516d23)  -> (artifact id: 'a774c27d86cd0df6cc06c14612d9deee') in 0.036648 seconds
Number of updated asset objects reloaded before import = 0
Number of asset objects unloaded after import = 1
========================================================================
Received Import Request.
  Time since last request: 0.000019 seconds.
  path: Assets/Materials/ADG_Textures/ground_vol1/ground10/ground10.mat
  artifactKey: Guid(43d91cc396861f443b5574aef062e3d3) Importer(2089858483,0ecaa5967403d082aa24f35e1b516d23)
Start importing Assets/Materials/ADG_Textures/ground_vol1/ground10/ground10.mat using Guid(43d91cc396861f443b5574aef062e3d3) Importer(2089858483,0ecaa5967403d082aa24f35e1b516d23)  -> (artifact id: '17b004d0d190b555669c28a9a0ea649a') in 0.052197 seconds
Number of updated asset objects reloaded before import = 0
Number of asset objects unloaded after import = 5
========================================================================
Received Import Request.
  Time since last request: 0.000023 seconds.
  path: Assets/Materials/GasStation/Assets/Construction/Materials/Wall_1_Window_2.mat
  artifactKey: Guid(d0f32d3423148894e84aa18589c96e5f) Importer(2089858483,0ecaa5967403d082aa24f35e1b516d23)
Start importing Assets/Materials/GasStation/Assets/Construction/Materials/Wall_1_Window_2.mat using Guid(d0f32d3423148894e84aa18589c96e5f) Importer(2089858483,0ecaa5967403d082aa24f35e1b516d23)  -> (artifact id: '8a34e019e82d0de547d0dcaea492c73b') in 0.032837 seconds
Number of updated asset objects reloaded before import = 0
Number of asset objects unloaded after import = 5
